2015-10-05 16:11:44 gate.util.spring.Init : Initialising GATE
2015-10-05 16:12:03 gate.creole.CreoleRegisterImpl : CREOLE plugin loaded: file:/C:/Users/tenti/Desktop/Marco%20Utility/SERVER/apache-tomcat-8.0.27-windows-x64/bin/gate_files/plugins/Tools/
2015-10-05 16:12:05 gate.creole.CreoleRegisterImpl : CREOLE plugin loaded: file:/C:/Users/tenti/Desktop/Marco%20Utility/SERVER/apache-tomcat-8.0.27-windows-x64/bin/gate_files/plugins/LingPipe/
2015-10-05 16:12:07 gate.creole.CreoleRegisterImpl : CREOLE plugin loaded: file:/C:/Users/tenti/Desktop/Marco%20Utility/SERVER/apache-tomcat-8.0.27-windows-x64/bin/gate_files/plugins/ANNIE/
2015-10-05 16:12:07 gate.creole.CreoleRegisterImpl : CREOLE plugin loaded: file:/C:/Users/tenti/Desktop/Marco%20Utility/SERVER/apache-tomcat-8.0.27-windows-x64/bin/gate_files/plugins/JAPE_Plus/
2015-10-05 16:12:08 gate.creole.CreoleRegisterImpl : CREOLE plugin loaded: file:/C:/Users/tenti/Desktop/Marco%20Utility/SERVER/apache-tomcat-8.0.27-windows-x64/bin/gate_files/plugins/Tagger_Framework/
2015-10-05 16:15:59 gate.util.spring.Init : Initialising GATE
2015-10-05 16:16:17 gate.creole.CreoleRegisterImpl : CREOLE plugin loaded: file:/C:/Users/tenti/Desktop/Marco%20Utility/SERVER/apache-tomcat-8.0.27-windows-x64/bin/gate_files/plugins/Tools/
2015-10-05 16:16:19 gate.creole.CreoleRegisterImpl : CREOLE plugin loaded: file:/C:/Users/tenti/Desktop/Marco%20Utility/SERVER/apache-tomcat-8.0.27-windows-x64/bin/gate_files/plugins/LingPipe/
2015-10-05 16:16:20 gate.creole.CreoleRegisterImpl : CREOLE plugin loaded: file:/C:/Users/tenti/Desktop/Marco%20Utility/SERVER/apache-tomcat-8.0.27-windows-x64/bin/gate_files/plugins/ANNIE/
2015-10-05 16:16:21 gate.creole.CreoleRegisterImpl : CREOLE plugin loaded: file:/C:/Users/tenti/Desktop/Marco%20Utility/SERVER/apache-tomcat-8.0.27-windows-x64/bin/gate_files/plugins/JAPE_Plus/
2015-10-05 16:16:22 gate.creole.CreoleRegisterImpl : CREOLE plugin loaded: file:/C:/Users/tenti/Desktop/Marco%20Utility/SERVER/apache-tomcat-8.0.27-windows-x64/bin/gate_files/plugins/Tagger_Framework/
2015-10-05 16:17:20 gate.util.profile.Profiler : -----------------------------------------------
New profiler run: Execute controller [Geolocation Pipeline]
-----------------------------------------------

2015-10-05 16:17:20 gate.util.profile.Profiler : ---------LOG: ~Execute PR [Document Reset]---------
Memory: 717016k; change: 717016k; max: 717016k; Net time:   0.1s; since prev. millisecs: 17
2015-10-05 16:17:20 gate.creole.SerialController : Time taken so far by Document Reset: 17
2015-10-05 16:17:20 gate.util.profile.Profiler : ---------LOG: ~Execute PR [UNICODE Tokenizer]---------
Memory: 717016k; change: 0k; max: 717016k; Net time:   0.39s; since prev. millisecs: 380
2015-10-05 16:17:20 gate.creole.SerialController : Time taken so far by UNICODE Tokenizer: 380
2015-10-05 16:17:20 gate.jape.SinglePhaseTransducer : Start: prepare
2015-10-05 16:17:20 gate.jape.SinglePhaseTransducer : Start: find
2015-10-05 16:17:21 gate.jape.SinglePhaseTransducer : Start: split
2015-10-05 16:17:21 gate.jape.SinglePhaseTransducer : Start: cleanup
2015-10-05 16:17:21 gate.util.profile.Profiler : ---------LOG: ~Execute PR [Sentence Splitter]---------
Memory: 731781k; change: 14765k; max: 731781k; Net time:   1.53s; since prev. millisecs: 1135
2015-10-05 16:17:21 gate.creole.SerialController : Time taken so far by Sentence Splitter: 1135
2015-10-05 16:17:22 gate.util.profile.Profiler : ---------LOG: ~Execute PR [POS Tagger]---------
Memory: 734937k; change: 3156k; max: 734937k; Net time:   1.78s; since prev. millisecs: 253
2015-10-05 16:17:22 gate.creole.SerialController : Time taken so far by POS Tagger: 253
2015-10-05 16:17:22 gate.util.profile.Profiler : ---------LOG: ~Execute PR [HTML Annotation Set]---------
Memory: 734937k; change: 0k; max: 734937k; Net time:   1.81s; since prev. millisecs: 29
2015-10-05 16:17:22 gate.creole.SerialController : Time taken so far by HTML Annotation Set: 29
2015-10-05 16:17:22 gate.util.profile.Profiler : ---------LOG: ~Execute PR [GAZETTEER ITALIANO CUSTOM]---------
Memory: 734937k; change: 0k; max: 734937k; Net time:   1.96s; since prev. millisecs: 148
2015-10-05 16:17:22 gate.creole.SerialController : Time taken so far by GAZETTEER ITALIANO CUSTOM: 148
2015-10-05 16:17:22 gate.util.profile.Profiler : ---------LOG: ~Execute PR [GAZETTEER SPECIAL ID CUSTOM]---------
Memory: 734937k; change: 0k; max: 734937k; Net time:   2.0s; since prev. millisecs: 41
2015-10-05 16:17:22 gate.creole.SerialController : Time taken so far by GAZETTEER SPECIAL ID CUSTOM: 41
2015-10-05 16:17:22 gate.jape.SinglePhaseTransducer : Start: myPreprocessing1
2015-10-05 16:17:23 gate.jape.SinglePhaseTransducer : Start: Indirizzo
2015-10-05 16:17:39 gate.jape.SinglePhaseTransducer : Start: myLocalita
2015-10-05 16:17:40 gate.jape.SinglePhaseTransducer : Start: myProvincia
2015-10-05 16:17:40 gate.jape.SinglePhaseTransducer : Start: myRegione
2015-10-05 16:17:40 gate.jape.SinglePhaseTransducer : Start: myEmailPhase
2015-10-05 16:18:06 gate.jape.SinglePhaseTransducer : Start: PartitaIVA
2015-10-05 16:18:06 gate.jape.SinglePhaseTransducer : Start: Telefono
2015-10-05 16:18:07 gate.jape.SinglePhaseTransducer : Start: Fax
2015-10-05 16:18:07 gate.util.profile.Profiler : ---------LOG: ~Execute PR [Jape Rules CUSTOM]---------
Memory: 1313965k; change: 579028k; max: 1313965k; Net time:   47.42s; since prev. millisecs: 45420
2015-10-05 16:18:07 gate.creole.SerialController : Time taken so far by Jape Rules CUSTOM: 45420
2015-10-05 16:18:08 gate.util.profile.Profiler : ---------LOG: ~Execute PR [My Annotation Set]---------
Memory: 1313965k; change: 0k; max: 1313965k; Net time:   47.63s; since prev. millisecs: 208
2015-10-05 16:18:08 gate.creole.SerialController : Time taken so far by My Annotation Set: 208
2015-10-05 16:18:08 gate.util.profile.Profiler : ---------LOG: ~Execute PR [My Annotation Set]---------
Memory: 1313965k; change: 0k; max: 1313965k; Net time:   47.64s; since prev. millisecs: 14
2015-10-05 16:18:08 gate.creole.SerialController : Time taken so far by My Annotation Set: 222
2015-10-05 16:18:08 gate.util.profile.Profiler : ---------LOG: ~Execute PR [set HEAD]---------
Memory: 1313965k; change: 0k; max: 1313965k; Net time:   47.72s; since prev. millisecs: 78
2015-10-05 16:18:08 gate.creole.SerialController : Time taken so far by set HEAD: 78
2015-10-05 16:18:08 gate.util.profile.Profiler : ---------LOG: ~Execute PR [set FOOTER]---------
Memory: 1313965k; change: 0k; max: 1313965k; Net time:   47.73s; since prev. millisecs: 10
2015-10-05 16:18:08 gate.creole.SerialController : Time taken so far by set FOOTER: 10
2015-10-05 16:18:08 gate.util.profile.Profiler : ---------LOG: ~Execute PR [Flexible Gazetteer MySpecialID]---------
Memory: 1313965k; change: 0k; max: 1313965k; Net time:   47.90s; since prev. millisecs: 172
2015-10-05 16:18:08 gate.creole.SerialController : Time taken so far by Flexible Gazetteer MySpecialID: 172
2015-10-05 16:18:08 gate.util.profile.Profiler : ---------LOG: ~Execute PR [set SPECIAL ID]---------
Memory: 1313965k; change: 0k; max: 1313965k; Net time:   47.97s; since prev. millisecs: 70
2015-10-05 16:18:08 gate.creole.SerialController : Time taken so far by set SPECIAL ID: 70
2015-10-05 16:18:08 gate.util.profile.Profiler : ---------LOG: Execute controller [Geolocation Pipeline] finished---------
Memory: 1313965k; change: 0k; max: 1313965k; Net time:   47.97s; since prev. millisecs: 0
2015-10-05 16:44:05 gate.util.spring.Init : Initialising GATE
2015-10-05 16:44:07 gate.creole.CreoleRegisterImpl : CREOLE plugin loaded: file:/C:/Users/tenti/Desktop/Marco%20Utility/SERVER/apache-tomcat-8.0.27-windows-x64/bin/gate_files/plugins/Tools/
2015-10-05 16:44:07 gate.creole.CreoleRegisterImpl : CREOLE plugin loaded: file:/C:/Users/tenti/Desktop/Marco%20Utility/SERVER/apache-tomcat-8.0.27-windows-x64/bin/gate_files/plugins/LingPipe/
2015-10-05 16:44:07 gate.creole.CreoleRegisterImpl : CREOLE plugin loaded: file:/C:/Users/tenti/Desktop/Marco%20Utility/SERVER/apache-tomcat-8.0.27-windows-x64/bin/gate_files/plugins/ANNIE/
2015-10-05 16:44:07 gate.creole.CreoleRegisterImpl : CREOLE plugin loaded: file:/C:/Users/tenti/Desktop/Marco%20Utility/SERVER/apache-tomcat-8.0.27-windows-x64/bin/gate_files/plugins/JAPE_Plus/
2015-10-05 16:44:07 gate.creole.CreoleRegisterImpl : CREOLE plugin loaded: file:/C:/Users/tenti/Desktop/Marco%20Utility/SERVER/apache-tomcat-8.0.27-windows-x64/bin/gate_files/plugins/Tagger_Framework/
2015-10-05 16:51:23 gate.util.spring.Init : Initialising GATE
2015-10-05 16:51:24 gate.creole.CreoleRegisterImpl : CREOLE plugin loaded: file:/C:/Users/tenti/Desktop/Marco%20Utility/SERVER/apache-tomcat-8.0.27-windows-x64/bin/gate_files/plugins/Tools/
2015-10-05 16:51:24 gate.creole.CreoleRegisterImpl : CREOLE plugin loaded: file:/C:/Users/tenti/Desktop/Marco%20Utility/SERVER/apache-tomcat-8.0.27-windows-x64/bin/gate_files/plugins/LingPipe/
2015-10-05 16:51:24 gate.creole.CreoleRegisterImpl : CREOLE plugin loaded: file:/C:/Users/tenti/Desktop/Marco%20Utility/SERVER/apache-tomcat-8.0.27-windows-x64/bin/gate_files/plugins/ANNIE/
2015-10-05 16:51:24 gate.creole.CreoleRegisterImpl : CREOLE plugin loaded: file:/C:/Users/tenti/Desktop/Marco%20Utility/SERVER/apache-tomcat-8.0.27-windows-x64/bin/gate_files/plugins/JAPE_Plus/
2015-10-05 16:51:24 gate.creole.CreoleRegisterImpl : CREOLE plugin loaded: file:/C:/Users/tenti/Desktop/Marco%20Utility/SERVER/apache-tomcat-8.0.27-windows-x64/bin/gate_files/plugins/Tagger_Framework/
2015-10-05 17:06:31 gate.util.spring.Init : Initialising GATE
2015-10-05 17:06:34 gate.creole.CreoleRegisterImpl : CREOLE plugin loaded: file:/C:/Users/tenti/Desktop/Marco%20Utility/SERVER/apache-tomcat-8.0.27-windows-x64/bin/gate_files/plugins/Tools/
2015-10-05 17:06:34 gate.creole.CreoleRegisterImpl : CREOLE plugin loaded: file:/C:/Users/tenti/Desktop/Marco%20Utility/SERVER/apache-tomcat-8.0.27-windows-x64/bin/gate_files/plugins/LingPipe/
2015-10-05 17:06:34 gate.creole.CreoleRegisterImpl : CREOLE plugin loaded: file:/C:/Users/tenti/Desktop/Marco%20Utility/SERVER/apache-tomcat-8.0.27-windows-x64/bin/gate_files/plugins/ANNIE/
2015-10-05 17:06:34 gate.creole.CreoleRegisterImpl : CREOLE plugin loaded: file:/C:/Users/tenti/Desktop/Marco%20Utility/SERVER/apache-tomcat-8.0.27-windows-x64/bin/gate_files/plugins/JAPE_Plus/
2015-10-05 17:06:35 gate.creole.CreoleRegisterImpl : CREOLE plugin loaded: file:/C:/Users/tenti/Desktop/Marco%20Utility/SERVER/apache-tomcat-8.0.27-windows-x64/bin/gate_files/plugins/Tagger_Framework/
2015-10-05 17:31:13 gate.util.spring.Init : Initialising GATE
2015-10-05 17:31:15 gate.creole.CreoleRegisterImpl : CREOLE plugin loaded: file:/C:/Users/tenti/Desktop/Marco%20Utility/SERVER/apache-tomcat-8.0.27-windows-x64/bin/gate_files/plugins/Tools/
2015-10-05 17:31:15 gate.creole.CreoleRegisterImpl : CREOLE plugin loaded: file:/C:/Users/tenti/Desktop/Marco%20Utility/SERVER/apache-tomcat-8.0.27-windows-x64/bin/gate_files/plugins/LingPipe/
2015-10-05 17:31:15 gate.creole.CreoleRegisterImpl : CREOLE plugin loaded: file:/C:/Users/tenti/Desktop/Marco%20Utility/SERVER/apache-tomcat-8.0.27-windows-x64/bin/gate_files/plugins/ANNIE/
2015-10-05 17:31:15 gate.creole.CreoleRegisterImpl : CREOLE plugin loaded: file:/C:/Users/tenti/Desktop/Marco%20Utility/SERVER/apache-tomcat-8.0.27-windows-x64/bin/gate_files/plugins/JAPE_Plus/
2015-10-05 17:31:15 gate.creole.CreoleRegisterImpl : CREOLE plugin loaded: file:/C:/Users/tenti/Desktop/Marco%20Utility/SERVER/apache-tomcat-8.0.27-windows-x64/bin/gate_files/plugins/Tagger_Framework/
2015-10-05 18:05:23 gate.util.spring.Init : Initialising GATE
2015-10-05 18:05:31 gate.creole.CreoleRegisterImpl : CREOLE plugin loaded: file:/C:/Users/tenti/Desktop/Marco%20Utility/SERVER/apache-tomcat-8.0.27-windows-x64/bin/gate_files/plugins/Tools/
2015-10-05 18:05:32 gate.creole.CreoleRegisterImpl : CREOLE plugin loaded: file:/C:/Users/tenti/Desktop/Marco%20Utility/SERVER/apache-tomcat-8.0.27-windows-x64/bin/gate_files/plugins/LingPipe/
2015-10-05 18:05:33 gate.creole.CreoleRegisterImpl : CREOLE plugin loaded: file:/C:/Users/tenti/Desktop/Marco%20Utility/SERVER/apache-tomcat-8.0.27-windows-x64/bin/gate_files/plugins/ANNIE/
2015-10-05 18:05:33 gate.creole.CreoleRegisterImpl : CREOLE plugin loaded: file:/C:/Users/tenti/Desktop/Marco%20Utility/SERVER/apache-tomcat-8.0.27-windows-x64/bin/gate_files/plugins/JAPE_Plus/
2015-10-05 18:05:33 gate.creole.CreoleRegisterImpl : CREOLE plugin loaded: file:/C:/Users/tenti/Desktop/Marco%20Utility/SERVER/apache-tomcat-8.0.27-windows-x64/bin/gate_files/plugins/Tagger_Framework/
2015-10-05 18:11:00 gate.util.spring.Init : Initialising GATE
2015-10-05 18:11:02 gate.creole.CreoleRegisterImpl : CREOLE plugin loaded: file:/C:/Users/tenti/Desktop/Marco%20Utility/SERVER/apache-tomcat-8.0.27-windows-x64/bin/gate_files/plugins/Tools/
2015-10-05 18:11:02 gate.creole.CreoleRegisterImpl : CREOLE plugin loaded: file:/C:/Users/tenti/Desktop/Marco%20Utility/SERVER/apache-tomcat-8.0.27-windows-x64/bin/gate_files/plugins/LingPipe/
2015-10-05 18:11:02 gate.creole.CreoleRegisterImpl : CREOLE plugin loaded: file:/C:/Users/tenti/Desktop/Marco%20Utility/SERVER/apache-tomcat-8.0.27-windows-x64/bin/gate_files/plugins/ANNIE/
2015-10-05 18:11:02 gate.creole.CreoleRegisterImpl : CREOLE plugin loaded: file:/C:/Users/tenti/Desktop/Marco%20Utility/SERVER/apache-tomcat-8.0.27-windows-x64/bin/gate_files/plugins/JAPE_Plus/
2015-10-05 18:11:03 gate.creole.CreoleRegisterImpl : CREOLE plugin loaded: file:/C:/Users/tenti/Desktop/Marco%20Utility/SERVER/apache-tomcat-8.0.27-windows-x64/bin/gate_files/plugins/Tagger_Framework/
2015-10-05 18:17:36 gate.util.spring.Init : Initialising GATE
2015-10-05 18:17:40 gate.creole.CreoleRegisterImpl : CREOLE plugin loaded: file:/C:/Users/tenti/Desktop/Marco%20Utility/SERVER/apache-tomcat-8.0.27-windows-x64/bin/gate_files/plugins/Tools/
2015-10-05 18:17:40 gate.creole.CreoleRegisterImpl : CREOLE plugin loaded: file:/C:/Users/tenti/Desktop/Marco%20Utility/SERVER/apache-tomcat-8.0.27-windows-x64/bin/gate_files/plugins/LingPipe/
2015-10-05 18:17:40 gate.creole.CreoleRegisterImpl : CREOLE plugin loaded: file:/C:/Users/tenti/Desktop/Marco%20Utility/SERVER/apache-tomcat-8.0.27-windows-x64/bin/gate_files/plugins/ANNIE/
2015-10-05 18:17:40 gate.creole.CreoleRegisterImpl : CREOLE plugin loaded: file:/C:/Users/tenti/Desktop/Marco%20Utility/SERVER/apache-tomcat-8.0.27-windows-x64/bin/gate_files/plugins/JAPE_Plus/
2015-10-05 18:17:40 gate.creole.CreoleRegisterImpl : CREOLE plugin loaded: file:/C:/Users/tenti/Desktop/Marco%20Utility/SERVER/apache-tomcat-8.0.27-windows-x64/bin/gate_files/plugins/Tagger_Framework/
2015-10-05 18:21:24 gate.util.spring.Init : Initialising GATE
2015-10-05 18:21:26 gate.creole.CreoleRegisterImpl : CREOLE plugin loaded: file:/C:/Users/tenti/Desktop/Marco%20Utility/SERVER/apache-tomcat-8.0.27-windows-x64/bin/gate_files/plugins/Tools/
2015-10-05 18:21:26 gate.creole.CreoleRegisterImpl : CREOLE plugin loaded: file:/C:/Users/tenti/Desktop/Marco%20Utility/SERVER/apache-tomcat-8.0.27-windows-x64/bin/gate_files/plugins/LingPipe/
2015-10-05 18:21:26 gate.creole.CreoleRegisterImpl : CREOLE plugin loaded: file:/C:/Users/tenti/Desktop/Marco%20Utility/SERVER/apache-tomcat-8.0.27-windows-x64/bin/gate_files/plugins/ANNIE/
2015-10-05 18:21:26 gate.creole.CreoleRegisterImpl : CREOLE plugin loaded: file:/C:/Users/tenti/Desktop/Marco%20Utility/SERVER/apache-tomcat-8.0.27-windows-x64/bin/gate_files/plugins/JAPE_Plus/
2015-10-05 18:21:26 gate.creole.CreoleRegisterImpl : CREOLE plugin loaded: file:/C:/Users/tenti/Desktop/Marco%20Utility/SERVER/apache-tomcat-8.0.27-windows-x64/bin/gate_files/plugins/Tagger_Framework/
2015-10-05 18:24:06 gate.util.spring.Init : Initialising GATE
2015-10-05 18:24:07 gate.creole.CreoleRegisterImpl : CREOLE plugin loaded: file:/C:/Users/tenti/Desktop/Marco%20Utility/SERVER/apache-tomcat-8.0.27-windows-x64/bin/gate_files/plugins/Tools/
2015-10-05 18:24:07 gate.creole.CreoleRegisterImpl : CREOLE plugin loaded: file:/C:/Users/tenti/Desktop/Marco%20Utility/SERVER/apache-tomcat-8.0.27-windows-x64/bin/gate_files/plugins/LingPipe/
2015-10-05 18:24:07 gate.creole.CreoleRegisterImpl : CREOLE plugin loaded: file:/C:/Users/tenti/Desktop/Marco%20Utility/SERVER/apache-tomcat-8.0.27-windows-x64/bin/gate_files/plugins/ANNIE/
2015-10-05 18:24:07 gate.creole.CreoleRegisterImpl : CREOLE plugin loaded: file:/C:/Users/tenti/Desktop/Marco%20Utility/SERVER/apache-tomcat-8.0.27-windows-x64/bin/gate_files/plugins/JAPE_Plus/
2015-10-05 18:24:07 gate.creole.CreoleRegisterImpl : CREOLE plugin loaded: file:/C:/Users/tenti/Desktop/Marco%20Utility/SERVER/apache-tomcat-8.0.27-windows-x64/bin/gate_files/plugins/Tagger_Framework/
2015-10-05 18:42:18 gate.util.spring.Init : Initialising GATE
2015-10-05 18:42:20 gate.creole.CreoleRegisterImpl : CREOLE plugin loaded: file:/C:/Users/tenti/Desktop/Marco%20Utility/SERVER/apache-tomcat-8.0.27-windows-x64/bin/gate_files/plugins/Tools/
2015-10-05 18:42:20 gate.creole.CreoleRegisterImpl : CREOLE plugin loaded: file:/C:/Users/tenti/Desktop/Marco%20Utility/SERVER/apache-tomcat-8.0.27-windows-x64/bin/gate_files/plugins/LingPipe/
2015-10-05 18:42:20 gate.creole.CreoleRegisterImpl : CREOLE plugin loaded: file:/C:/Users/tenti/Desktop/Marco%20Utility/SERVER/apache-tomcat-8.0.27-windows-x64/bin/gate_files/plugins/ANNIE/
2015-10-05 18:42:20 gate.creole.CreoleRegisterImpl : CREOLE plugin loaded: file:/C:/Users/tenti/Desktop/Marco%20Utility/SERVER/apache-tomcat-8.0.27-windows-x64/bin/gate_files/plugins/JAPE_Plus/
2015-10-05 18:42:20 gate.creole.CreoleRegisterImpl : CREOLE plugin loaded: file:/C:/Users/tenti/Desktop/Marco%20Utility/SERVER/apache-tomcat-8.0.27-windows-x64/bin/gate_files/plugins/Tagger_Framework/
2015-10-05 19:01:11 gate.util.spring.Init : Initialising GATE
2015-10-05 19:01:14 gate.creole.CreoleRegisterImpl : CREOLE plugin loaded: file:/C:/Users/tenti/Desktop/Marco%20Utility/SERVER/apache-tomcat-8.0.27-windows-x64/bin/gate_files/plugins/Tools/
2015-10-05 19:01:14 gate.creole.CreoleRegisterImpl : CREOLE plugin loaded: file:/C:/Users/tenti/Desktop/Marco%20Utility/SERVER/apache-tomcat-8.0.27-windows-x64/bin/gate_files/plugins/LingPipe/
2015-10-05 19:01:14 gate.creole.CreoleRegisterImpl : CREOLE plugin loaded: file:/C:/Users/tenti/Desktop/Marco%20Utility/SERVER/apache-tomcat-8.0.27-windows-x64/bin/gate_files/plugins/ANNIE/
2015-10-05 19:01:14 gate.creole.CreoleRegisterImpl : CREOLE plugin loaded: file:/C:/Users/tenti/Desktop/Marco%20Utility/SERVER/apache-tomcat-8.0.27-windows-x64/bin/gate_files/plugins/JAPE_Plus/
2015-10-05 19:01:14 gate.creole.CreoleRegisterImpl : CREOLE plugin loaded: file:/C:/Users/tenti/Desktop/Marco%20Utility/SERVER/apache-tomcat-8.0.27-windows-x64/bin/gate_files/plugins/Tagger_Framework/
2015-10-05 19:06:32 gate.util.spring.Init : Initialising GATE
2015-10-05 19:06:33 gate.creole.CreoleRegisterImpl : CREOLE plugin loaded: file:/C:/Users/tenti/Desktop/Marco%20Utility/SERVER/apache-tomcat-8.0.27-windows-x64/bin/gate_files/plugins/Tools/
2015-10-05 19:06:33 gate.creole.CreoleRegisterImpl : CREOLE plugin loaded: file:/C:/Users/tenti/Desktop/Marco%20Utility/SERVER/apache-tomcat-8.0.27-windows-x64/bin/gate_files/plugins/LingPipe/
2015-10-05 19:06:33 gate.creole.CreoleRegisterImpl : CREOLE plugin loaded: file:/C:/Users/tenti/Desktop/Marco%20Utility/SERVER/apache-tomcat-8.0.27-windows-x64/bin/gate_files/plugins/ANNIE/
2015-10-05 19:06:33 gate.creole.CreoleRegisterImpl : CREOLE plugin loaded: file:/C:/Users/tenti/Desktop/Marco%20Utility/SERVER/apache-tomcat-8.0.27-windows-x64/bin/gate_files/plugins/JAPE_Plus/
2015-10-05 19:06:34 gate.creole.CreoleRegisterImpl : CREOLE plugin loaded: file:/C:/Users/tenti/Desktop/Marco%20Utility/SERVER/apache-tomcat-8.0.27-windows-x64/bin/gate_files/plugins/Tagger_Framework/
